<?xml version="1.0" encoding="UTF-8"?>
<testng-results ignored="0" total="5" passed="5" failed="0" skipped="0">
  <reporter-output>
  </reporter-output>
  <suite started-at="2026-07-10T18:11:01 PDT" name="NegativeLogInTestSuite" finished-at="2026-07-10T18:11:29 PDT" duration-ms="27759">
    <groups>
    </groups>
    <test started-at="2026-07-10T18:11:01 PDT" name="NegativeLogInTest-CH" finished-at="2026-07-10T18:11:29 PDT" duration-ms="27759">
      <class name="com.herokuapp.theinternet.loginpagetests.NegativeLogInTests">
        <test-method is-config="true" signature="setUp(java.lang.reflect.Method,java.lang.String,java.lang.String,org.testng.ITestContext)[pri:0, instance:com.herokuapp.theinternet.loginpagetests.NegativeLogInTests@158a8276]" started-at="2026-07-10T18:11:02 PDT" name="setUp" finished-at="2026-07-10T18:11:25 PDT" duration-ms="23607" status="PASS">
          <params>
            <param index="0">
              <value>
                <![CDATA[public void com.herokuapp.theinternet.loginpagetests.NegativeLogInTests.negativeLogInTest(java.util.Map)]]>
              </value>
            </param>
            <param index="1">
              <value is-null="true"/>
            </param>
            <param index="2">
              <value is-null="true"/>
            </param>
            <param index="3">
              <value>
                <![CDATA[org.testng.TestRunner@6d0b5baf]]>
              </value>
            </param>
          </params>
          <reporter-output>
          </reporter-output>
        </test-method> <!-- setUp -->
        <test-method is-config="true" signature="setUp(java.lang.reflect.Method,java.lang.String,java.lang.String,org.testng.ITestContext)[pri:0, instance:com.herokuapp.theinternet.loginpagetests.NegativeLogInTests@158a8276]" started-at="2026-07-10T18:11:02 PDT" name="setUp" finished-at="2026-07-10T18:11:18 PDT" duration-ms="15969" status="PASS">
          <params>
            <param index="0">
              <value>
                <![CDATA[public void com.herokuapp.theinternet.loginpagetests.NegativeLogInTests.negativeLogInTest(java.util.Map)]]>
              </value>
            </param>
            <param index="1">
              <value is-null="true"/>
            </param>
            <param index="2">
              <value is-null="true"/>
            </param>
            <param index="3">
              <value>
                <![CDATA[org.testng.TestRunner@6d0b5baf]]>
              </value>
            </param>
          </params>
          <reporter-output>
          </reporter-output>
        </test-method> <!-- setUp -->
        <test-method is-config="true" signature="setUp(java.lang.reflect.Method,java.lang.String,java.lang.String,org.testng.ITestContext)[pri:0, instance:com.herokuapp.theinternet.loginpagetests.NegativeLogInTests@158a8276]" started-at="2026-07-10T18:11:02 PDT" name="setUp" finished-at="2026-07-10T18:11:23 PDT" duration-ms="21453" status="PASS">
          <params>
            <param index="0">
              <value>
                <![CDATA[public void com.herokuapp.theinternet.loginpagetests.NegativeLogInTests.negativeLogInTest(java.util.Map)]]>
              </value>
            </param>
            <param index="1">
              <value is-null="true"/>
            </param>
            <param index="2">
              <value is-null="true"/>
            </param>
            <param index="3">
              <value>
                <![CDATA[org.testng.TestRunner@6d0b5baf]]>
              </value>
            </param>
          </params>
          <reporter-output>
          </reporter-output>
        </test-method> <!-- setUp -->
        <test-method is-config="true" signature="setUp(java.lang.reflect.Method,java.lang.String,java.lang.String,org.testng.ITestContext)[pri:0, instance:com.herokuapp.theinternet.loginpagetests.NegativeLogInTests@158a8276]" started-at="2026-07-10T18:11:02 PDT" name="setUp" finished-at="2026-07-10T18:11:24 PDT" duration-ms="22222" status="PASS">
          <params>
            <param index="0">
              <value>
                <![CDATA[public void com.herokuapp.theinternet.loginpagetests.NegativeLogInTests.negativeLogInTest(java.util.Map)]]>
              </value>
            </param>
            <param index="1">
              <value is-null="true"/>
            </param>
            <param index="2">
              <value is-null="true"/>
            </param>
            <param index="3">
              <value>
                <![CDATA[org.testng.TestRunner@6d0b5baf]]>
              </value>
            </param>
          </params>
          <reporter-output>
          </reporter-output>
        </test-method> <!-- setUp -->
        <test-method is-config="true" signature="setUp(java.lang.reflect.Method,java.lang.String,java.lang.String,org.testng.ITestContext)[pri:0, instance:com.herokuapp.theinternet.loginpagetests.NegativeLogInTests@158a8276]" started-at="2026-07-10T18:11:02 PDT" name="setUp" finished-at="2026-07-10T18:11:24 PDT" duration-ms="22132" status="PASS">
          <params>
            <param index="0">
              <value>
                <![CDATA[public void com.herokuapp.theinternet.loginpagetests.NegativeLogInTests.negativeLogInTest(java.util.Map)]]>
              </value>
            </param>
            <param index="1">
              <value is-null="true"/>
            </param>
            <param index="2">
              <value is-null="true"/>
            </param>
            <param index="3">
              <value>
                <![CDATA[org.testng.TestRunner@6d0b5baf]]>
              </value>
            </param>
          </params>
          <reporter-output>
          </reporter-output>
        </test-method> <!-- setUp -->
        <test-method signature="negativeLogInTest(java.util.Map)[pri:0, instance:com.herokuapp.theinternet.loginpagetests.NegativeLogInTests@158a8276]" started-at="2026-07-10T18:11:18 PDT" name="negativeLogInTest" data-provider="csvReader" finished-at="2026-07-10T18:11:21 PDT" duration-ms="3676" status="PASS">
          <params>
            <param index="0">
              <value>
                <![CDATA[{no=2, description=incorrect password, password=incorrectPassword, expectedMessage=Your password is invalid!, username=tomsmith}]]>
              </value>
            </param>
          </params>
          <reporter-output>
          </reporter-output>
        </test-method> <!-- negativeLogInTest -->
        <test-method is-config="true" signature="tearDown()[pri:0, instance:com.herokuapp.theinternet.loginpagetests.NegativeLogInTests@158a8276]" started-at="2026-07-10T18:11:21 PDT" name="tearDown" finished-at="2026-07-10T18:11:23 PDT" duration-ms="2030" status="PASS">
          <reporter-output>
          </reporter-output>
        </test-method> <!-- tearDown -->
        <test-method signature="negativeLogInTest(java.util.Map)[pri:0, instance:com.herokuapp.theinternet.loginpagetests.NegativeLogInTests@158a8276]" started-at="2026-07-10T18:11:23 PDT" name="negativeLogInTest" data-provider="csvReader" finished-at="2026-07-10T18:11:25 PDT" duration-ms="2022" status="PASS">
          <params>
            <param index="0">
              <value>
                <![CDATA[{no=3, description=incorrect username and password, password=incorrectPassword, expectedMessage=Your username is invalid!, username=incorrectUsername}]]>
              </value>
            </param>
          </params>
          <reporter-output>
          </reporter-output>
        </test-method> <!-- negativeLogInTest -->
        <test-method signature="negativeLogInTest(java.util.Map)[pri:0, instance:com.herokuapp.theinternet.loginpagetests.NegativeLogInTests@158a8276]" started-at="2026-07-10T18:11:24 PDT" name="negativeLogInTest" data-provider="csvReader" finished-at="2026-07-10T18:11:26 PDT" duration-ms="2526" status="PASS">
          <params>
            <param index="0">
              <value>
                <![CDATA[{no=5, description=empty password, password=, expectedMessage=Your password is invalid!, username=tomsmith}]]>
              </value>
            </param>
          </params>
          <reporter-output>
          </reporter-output>
        </test-method> <!-- negativeLogInTest -->
        <test-method signature="negativeLogInTest(java.util.Map)[pri:0, instance:com.herokuapp.theinternet.loginpagetests.NegativeLogInTests@158a8276]" started-at="2026-07-10T18:11:24 PDT" name="negativeLogInTest" data-provider="csvReader" finished-at="2026-07-10T18:11:26 PDT" duration-ms="2097" status="PASS">
          <params>
            <param index="0">
              <value>
                <![CDATA[{no=4, description=empty username, password=SuperSecretPassword!, expectedMessage=Your username is invalid!, username=}]]>
              </value>
            </param>
          </params>
          <reporter-output>
          </reporter-output>
        </test-method> <!-- negativeLogInTest -->
        <test-method is-config="true" signature="tearDown()[pri:0, instance:com.herokuapp.theinternet.loginpagetests.NegativeLogInTests@158a8276]" started-at="2026-07-10T18:11:25 PDT" name="tearDown" finished-at="2026-07-10T18:11:27 PDT" duration-ms="1614" status="PASS">
          <reporter-output>
          </reporter-output>
        </test-method> <!-- tearDown -->
        <test-method signature="negativeLogInTest(java.util.Map)[pri:0, instance:com.herokuapp.theinternet.loginpagetests.NegativeLogInTests@158a8276]" started-at="2026-07-10T18:11:25 PDT" name="negativeLogInTest" data-provider="csvReader" finished-at="2026-07-10T18:11:28 PDT" duration-ms="2528" status="PASS">
          <params>
            <param index="0">
              <value>
                <![CDATA[{no=1, description=incorrect username, password=SuperSecretPassword!, expectedMessage=Your username is invalid!, username=incorrectUsername}]]>
              </value>
            </param>
          </params>
          <reporter-output>
          </reporter-output>
        </test-method> <!-- negativeLogInTest -->
        <test-method is-config="true" signature="tearDown()[pri:0, instance:com.herokuapp.theinternet.loginpagetests.NegativeLogInTests@158a8276]" started-at="2026-07-10T18:11:26 PDT" name="tearDown" finished-at="2026-07-10T18:11:28 PDT" duration-ms="2055" status="PASS">
          <reporter-output>
          </reporter-output>
        </test-method> <!-- tearDown -->
        <test-method is-config="true" signature="tearDown()[pri:0, instance:com.herokuapp.theinternet.loginpagetests.NegativeLogInTests@158a8276]" started-at="2026-07-10T18:11:26 PDT" name="tearDown" finished-at="2026-07-10T18:11:28 PDT" duration-ms="1895" status="PASS">
          <reporter-output>
          </reporter-output>
        </test-method> <!-- tearDown -->
        <test-method is-config="true" signature="tearDown()[pri:0, instance:com.herokuapp.theinternet.loginpagetests.NegativeLogInTests@158a8276]" started-at="2026-07-10T18:11:28 PDT" name="tearDown" finished-at="2026-07-10T18:11:29 PDT" duration-ms="1300" status="PASS">
          <reporter-output>
          </reporter-output>
        </test-method> <!-- tearDown -->
      </class> <!-- com.herokuapp.theinternet.loginpagetests.NegativeLogInTests -->
    </test> <!-- NegativeLogInTest-CH -->
  </suite> <!-- NegativeLogInTestSuite -->
</testng-results>
