<?xml version="1.0" encoding="UTF-8"?>
<testsuite xmlns:xsi="http://www.w3.org/2001/XMLSchema-instance" xsi:noNamespaceSchemaLocation="https://maven.apache.org/surefire/maven-surefire-plugin/xsd/surefire-test-report-3.0.xsd" version="3.0" name="TestSuite" time="28.897" tests="5" errors="0" skipped="0" failures="0">
  <properties>
[...]
</properties>
  <testcase name="negativeLogInTest[{no=2, description=incorrect password, password=incorrectPassword, expectedMessage=Your password is invalid!, username=tomsmith}](1)" classname="com.herokuapp.theinternet.loginpagetests.NegativeLogInTests" time="3.668">
    <system-out><![CDATA[pathname is src\test\resources\dataproviders\NegativeLogInTests\negativeLogInTest.csv
[TestNG-PoolService-5] 18:11:02,967 INFO  [NegativeLogInTest-CH] Starting test: negativeLogInTest
[TestNG-PoolService-2] 18:11:12,309 INFO  [NegativeLogInTest-CH] Driver is: FirefoxDriver: firefox on windows (c03a3994-2dfc-4dea-a041-7f1def9de7f5)
[TestNG-PoolService-1] 18:11:14,314 INFO  [NegativeLogInTest-CH] Driver is: FirefoxDriver: firefox on windows (0c420fe0-a398-4eae-9a81-f3629c66c295)
[TestNG-PoolService-5] 18:11:15,174 INFO  [NegativeLogInTest-CH] Driver is: FirefoxDriver: firefox on windows (46ee4413-77cb-4971-8e68-839126ecf751)
[TestNG-PoolService-3] 18:11:16,064 INFO  [NegativeLogInTest-CH] Driver is: FirefoxDriver: firefox on windows (f396f7bb-5cd8-4f40-a083-dfb96cd85c4c)
[TestNG-PoolService-4] 18:11:16,515 INFO  [NegativeLogInTest-CH] Driver is: FirefoxDriver: firefox on windows (ad2a184a-09bb-4737-b1d2-ad874af428f3)
[TestNG-PoolService-2] 18:11:18,131 INFO  [negativeLogInTest] Starting negativeLogInTest
[TestNG-PoolService-2] 18:11:18,142 INFO  [NegativeLogInTest-CH] Starting negativeLogInTest #2 for incorrect password
[TestNG-PoolService-2] 18:11:18,147 INFO  [NegativeLogInTest-CH] Driver Instance is: FirefoxDriver: firefox on windows (ad2a184a-09bb-4737-b1d2-ad874af428f3)
[TestNG-PoolService-2] 18:11:18,147 INFO  [NegativeLogInTest-CH] Opening page: https://the-internet.herokuapp.com/login
[TestNG-PoolService-2] 18:11:19,557 INFO  [NegativeLogInTest-CH] Page opened!
[TestNG-PoolService-2] 18:11:19,557 INFO  [NegativeLogInTest-CH] Executing Negative LogIn with username [tomsmith] and password [incorrectPassword]
]]></system-out>
    <system-err><![CDATA[SLF4J(W): No SLF4J providers were found.
SLF4J(W): Defaulting to no-operation (NOP) logger implementation
SLF4J(W): See https://www.slf4j.org/codes.html#noProviders for further details.
]]></system-err>
  </testcase>
  <testcase name="negativeLogInTest[{no=3, description=incorrect username and password, password=incorrectPassword, expectedMessage=Your username is invalid!, username=incorrectUsername}](2)" classname="com.herokuapp.theinternet.loginpagetests.NegativeLogInTests" time="1.251">
    <system-out><![CDATA[[TestNG-PoolService-2] 18:11:21,793 INFO  [negativeLogInTest] Test passed: negativeLogInTest
[TestNG-PoolService-2] 18:11:21,810 INFO  [NegativeLogInTest-CH] Closing driver
[TestNG-PoolService-3] 18:11:23,599 INFO  [negativeLogInTest] Starting negativeLogInTest
[TestNG-PoolService-3] 18:11:23,599 INFO  [NegativeLogInTest-CH] Starting negativeLogInTest #3 for incorrect username and password
[TestNG-PoolService-3] 18:11:23,599 INFO  [NegativeLogInTest-CH] Driver Instance is: FirefoxDriver: firefox on windows (ad2a184a-09bb-4737-b1d2-ad874af428f3)
[TestNG-PoolService-3] 18:11:23,599 INFO  [NegativeLogInTest-CH] Opening page: https://the-internet.herokuapp.com/login
[TestNG-PoolService-5] 18:11:24,278 INFO  [negativeLogInTest] Starting negativeLogInTest
[TestNG-PoolService-5] 18:11:24,278 INFO  [NegativeLogInTest-CH] Starting negativeLogInTest #5 for empty password
[TestNG-PoolService-5] 18:11:24,278 INFO  [NegativeLogInTest-CH] Driver Instance is: FirefoxDriver: firefox on windows (ad2a184a-09bb-4737-b1d2-ad874af428f3)
[TestNG-PoolService-5] 18:11:24,278 INFO  [NegativeLogInTest-CH] Opening page: https://the-internet.herokuapp.com/login
[TestNG-PoolService-3] 18:11:24,339 INFO  [NegativeLogInTest-CH] Page opened!
[TestNG-PoolService-3] 18:11:24,339 INFO  [NegativeLogInTest-CH] Executing Negative LogIn with username [incorrectUsername] and password [incorrectPassword]
[TestNG-PoolService-4] 18:11:24,369 INFO  [negativeLogInTest] Starting negativeLogInTest
[TestNG-PoolService-4] 18:11:24,370 INFO  [NegativeLogInTest-CH] Starting negativeLogInTest #4 for empty username
[TestNG-PoolService-4] 18:11:24,371 INFO  [NegativeLogInTest-CH] Driver Instance is: FirefoxDriver: firefox on windows (ad2a184a-09bb-4737-b1d2-ad874af428f3)
[TestNG-PoolService-4] 18:11:24,371 INFO  [NegativeLogInTest-CH] Opening page: https://the-internet.herokuapp.com/login
[TestNG-PoolService-4] 18:11:25,078 INFO  [NegativeLogInTest-CH] Page opened!
[TestNG-PoolService-4] 18:11:25,079 INFO  [NegativeLogInTest-CH] Executing Negative LogIn with username [] and password [SuperSecretPassword!]
[TestNG-PoolService-5] 18:11:25,284 INFO  [NegativeLogInTest-CH] Page opened!
[TestNG-PoolService-5] 18:11:25,284 INFO  [NegativeLogInTest-CH] Executing Negative LogIn with username [tomsmith] and password []
]]></system-out>
  </testcase>
  <testcase name="negativeLogInTest[{no=4, description=empty username, password=SuperSecretPassword!, expectedMessage=Your username is invalid!, username=}](3)" classname="com.herokuapp.theinternet.loginpagetests.NegativeLogInTests" time="0.708">
    <system-out><![CDATA[[TestNG-PoolService-3] 18:11:25,623 INFO  [negativeLogInTest] Test passed: negativeLogInTest
[TestNG-PoolService-3] 18:11:25,625 INFO  [NegativeLogInTest-CH] Closing driver
[TestNG-PoolService-1] 18:11:25,756 INFO  [negativeLogInTest] Starting negativeLogInTest
[TestNG-PoolService-1] 18:11:25,756 INFO  [NegativeLogInTest-CH] Starting negativeLogInTest #1 for incorrect username
[TestNG-PoolService-1] 18:11:25,758 INFO  [NegativeLogInTest-CH] Driver Instance is: FirefoxDriver: firefox on windows (ad2a184a-09bb-4737-b1d2-ad874af428f3)
[TestNG-PoolService-1] 18:11:25,758 INFO  [NegativeLogInTest-CH] Opening page: https://the-internet.herokuapp.com/login
]]></system-out>
  </testcase>
  <testcase name="negativeLogInTest[{no=5, description=empty password, password=, expectedMessage=Your password is invalid!, username=tomsmith}](4)" classname="com.herokuapp.theinternet.loginpagetests.NegativeLogInTests" time="1.047">
    <system-out><![CDATA[[TestNG-PoolService-4] 18:11:26,466 INFO  [negativeLogInTest] Test passed: negativeLogInTest
[TestNG-PoolService-4] 18:11:26,469 INFO  [NegativeLogInTest-CH] Closing driver
]]></system-out>
  </testcase>
  <testcase name="negativeLogInTest[{no=1, description=incorrect username, password=SuperSecretPassword!, expectedMessage=Your username is invalid!, username=incorrectUsername}](5)" classname="com.herokuapp.theinternet.loginpagetests.NegativeLogInTests" time="2.523">
    <system-out><![CDATA[[TestNG-PoolService-5] 18:11:26,805 INFO  [negativeLogInTest] Test passed: negativeLogInTest
[TestNG-PoolService-5] 18:11:26,805 INFO  [NegativeLogInTest-CH] Closing driver
[TestNG-PoolService-1] 18:11:27,016 INFO  [NegativeLogInTest-CH] Page opened!
[TestNG-PoolService-1] 18:11:27,016 INFO  [NegativeLogInTest-CH] Executing Negative LogIn with username [incorrectUsername] and password [SuperSecretPassword!]
]]></system-out>
  </testcase>
</testsuite>